Arguments: 
  /Users/fabri/.nvm/versions/node/v10.16.3/bin/node /usr/local/Cellar/yarn/1.17.3/libexec/bin/yarn.js install

PATH: 
  /Users/fabri/.nvm/versions/node/v10.16.3/bin:/usr/local/bin:/usr/bin:/bin:/usr/sbin:/sbin:/Users/fabri/.nvm/versions/node/v10.16.3/bin

Yarn version: 
  1.17.3

Node version: 
  10.16.3

Platform: 
  darwin x64

Trace: 
  SyntaxError: /Users/fabri/Documents/work/aragon/1hive/conviction-voting-app/connector/examples/package.json: Unexpected token } in JSON at position 258
      at JSON.parse (<anonymous>)
      at /usr/local/Cellar/yarn/1.17.3/libexec/lib/cli.js:1625:59
      at Generator.next (<anonymous>)
      at step (/usr/local/Cellar/yarn/1.17.3/libexec/lib/cli.js:304:30)
      at /usr/local/Cellar/yarn/1.17.3/libexec/lib/cli.js:315:13

npm manifest: 
  {
    "name": "nodejs",
    "main": "dist/index.js",
    "version": "0.2.0",
    "private": true,
    "scripts": {
      "build": "yarn clean && yarn compile",
      "dev": "yarn build --watch",
      "clean": "rm -rf ./dist ./tsconfig.tsbuildinfo",
      "compile": "tsc",
    },
    "dependencies": {
      "@aragon/connect": "*"
    },
    "devDependencies": {
      "typescript": "^3.8.3"
    }
  }

yarn manifest: 
  No manifest

Lockfile: 
  No lockfile
