Arguments: 
  /home/pierre/.nodenv/versions/13.7.0/bin/node /home/pierre/.nodenv/versions/13.7.0/bin/yarn

PATH: 
  /home/pierre/.nodenv/versions/13.7.0/bin:/usr/lib/nodenv/libexec:/home/pierre/.nodenv/plugins/node-build-update-defs/bin:/home/pierre/.yarn/bin:/home/pierre/.nodenv/shims:/home/pierre/.nodenv/bin:/home/pierre/.config/yarn/global/node_modules/.bin:/home/pierre/.zplug/bin:/home/pierre/.cargo/bin:/home/pierre/bin:/home/pierre/go/bin:/home/pierre/.yarn/bin:/home/pierre/.nodenv/shims:/home/pierre/.nodenv/bin:/home/pierre/.config/yarn/global/node_modules/.bin:/sbin:/bin:/usr/local/sbin:/usr/local/bin:/usr/bin:/home/pierre/.gem/ruby/2.6.0/bin:/usr/bin/site_perl:/usr/bin/vendor_perl:/usr/bin/core_perl

Yarn version: 
  1.22.4

Node version: 
  13.7.0

Platform: 
  linux x64

Trace: 
  Error: https://registry.yarnpkg.com/@1hive%2fconnect-conviction-voting: Not found
      at Request.params.callback [as _callback] (/home/pierre/.nodenv/versions/13.7.0/lib/node_modules/yarn/lib/cli.js:66987:18)
      at Request.self.callback (/home/pierre/.nodenv/versions/13.7.0/lib/node_modules/yarn/lib/cli.js:140748:22)
      at Request.emit (events.js:321:20)
      at Request.<anonymous> (/home/pierre/.nodenv/versions/13.7.0/lib/node_modules/yarn/lib/cli.js:141720:10)
      at Request.emit (events.js:321:20)
      at IncomingMessage.<anonymous> (/home/pierre/.nodenv/versions/13.7.0/lib/node_modules/yarn/lib/cli.js:141642:12)
      at Object.onceWrapper (events.js:427:28)
      at IncomingMessage.emit (events.js:333:22)
      at endReadableNT (_stream_readable.js:1201:12)
      at processTicksAndRejections (internal/process/task_queues.js:84:21)

npm manifest: 
  {
    "name": "connect-conviction-voting-example",
    "main": "dist/index.js",
    "version": "0.2.0",
    "private": true,
    "scripts": {
      "build": "yarn clean && yarn compile",
      "dev": "yarn build --watch",
      "clean": "rm -rf ./dist ./tsconfig.tsbuildinfo",
      "compile": "tsc",
      "start": "ts-node ."
    },
    "dependencies": {
      "@1hive/connect-conviction-voting": "*",
      "@aragon/connect": "^0.5.2"
    },
    "devDependencies": {
      "ts-node": "^8.10.2",
      "typescript": "^3.8.3"
    }
  }

yarn manifest: 
  No manifest

Lockfile: 
  # THIS IS AN AUTOGENERATED FILE. DO NOT EDIT THIS FILE DIRECTLY.
  # yarn lockfile v1
  
  
  "@1hive/connect-conviction-voting@link:..":
    version "0.0.0"
    uid ""
  
  "@aragon/connect-core@^0.5.2":
    version "0.5.2"
    resolved "https://registry.yarnpkg.com/@aragon/connect-core/-/connect-core-0.5.2.tgz#d4e60e5857fdf72141747d74ffcdd24704f744c3"
    integrity sha512-McEwQ8v/BsTdUPMza+GARRJ6/ghYPLPANzudCGwP9V6H+4EB3N+zSNOmVH+gfsODgSC1yZ52Fh8s8H0Xumlpyw==
    dependencies:
      ethers "^5.0.7"
      radspec "^2.0.0-rc.1"
  
  "@aragon/connect-ethereum@^0.5.2":
    version "0.5.2"
    resolved "https://registry.yarnpkg.com/@aragon/connect-ethereum/-/connect-ethereum-0.5.2.tgz#2933ce50197fe3c05b999d7fe6e29fd816e73c41"
    integrity sha512-5/vNPv7ihO/CKnqHeM0/568gycNU4WbTI1Ln4JrXSbqkffgO8MLaKd6E7GTMZR6jzv3m5LYPEKomi3XQGlfx+g==
    dependencies:
      "@aragon/connect-core" "^0.5.2"
  
  "@aragon/connect-thegraph@^0.5.2":
    version "0.5.2"
    resolved "https://registry.yarnpkg.com/@aragon/connect-thegraph/-/connect-thegraph-0.5.2.tgz#6790f716768f27d88a7a717121b7b5507ae3b65b"
    integrity sha512-MLxSa9KvlccTBdYKD+TIEokZRHMhoACMj7gLq1r2zsLRTBTxdjQZQfRzfch1TgA0yqGknjjxjRnPPHxgswVl0A==
    dependencies:
      "@aragon/connect-core" "^0.5.2"
      "@urql/core" "^1.11.7"
      graphql "^15.0.0"
      graphql-tag "^2.10.3"
      isomorphic-unfetch "^3.0.0"
      isomorphic-ws "^4.0.1"
      subscriptions-transport-ws "^0.9.16"
  
  "@aragon/connect@^0.5.2":
    version "0.5.2"
    resolved "https://registry.yarnpkg.com/@aragon/connect/-/connect-0.5.2.tgz#2f9532363696ad19c739b2b44605c6041c2ed302"
    integrity sha512-+MV/FRmOMialg4THdUNg7JtsobkNDOvNjc/HC5WM3qUjBMbWP5HyPFm+dExt4gUB+ObGnb51qtYjYgN0JoF/8A==
    dependencies:
      "@aragon/connect-core" "^0.5.2"
      "@aragon/connect-ethereum" "^0.5.2"
      "@aragon/connect-thegraph" "^0.5.2"
  
  "@babel/runtime@^7.1.2":
    version "7.10.2"
    resolved "https://registry.yarnpkg.com/@babel/runtime/-/runtime-7.10.2.tgz#d103f21f2602497d38348a32e008637d506db839"
    integrity sha512-6sF3uQw2ivImfVIl62RZ7MXhO2tap69WeWK57vAaimT6AZbE4FbqjdEJIN1UqoD6wI6B+1n9UiagafH1sxjOtg==
    dependencies:
      regenerator-runtime "^0.13.4"
  
  "@ethersproject/abi@^5.0.0":
    version "5.0.1"
    resolved "https://registry.yarnpkg.com/@ethersproject/abi/-/abi-5.0.1.tgz#b6ba2bfb4278fbd6328b608e09741c2475ddad9c"
    integrity sha512-9fqSa3jEYV4nN8tijW+jz4UnT/Ma9/b8y4+nHlsvuWqr32E2kYsT9SCIVpk/51iM6NOud7xsA6UxCox9zBeHKg==
    dependencies:
      "@ethersproject/address" "^5.0.0"
      "@ethersproject/bignumber" "^5.0.0"
      "@ethersproject/bytes" "^5.0.0"
      "@ethersproject/constants" "^5.0.0"
      "@ethersproject/hash" "^5.0.0"
      "@ethersproject/keccak256" "^5.0.0"
      "@ethersproject/logger" "^5.0.0"
      "@ethersproject/properties" "^5.0.0"
      "@ethersproject/strings" "^5.0.0"
  
  "@ethersproject/abstract-provider@^5.0.0":
    version "5.0.1"
    resolved "https://registry.yarnpkg.com/@ethersproject/abstract-provider/-/abstract-provider-5.0.1.tgz#7d4828a3b4690f95f4462abedcba7aeb118dadd5"
    integrity sha512-/KOw65ayviYPtKLqFE1qozeIJJlfI1wE/tNA+iKUPUai6bU6vg2tbfLFGarRTCQe3HoWV1t7xSsD/z9T9xg74g==
    dependencies:
      "@ethersproject/bignumber" "^5.0.0"
      "@ethersproject/bytes" "^5.0.0"
      "@ethersproject/logger" "^5.0.0"
      "@ethersproject/networks" "^5.0.0"
      "@ethersproject/properties" "^5.0.0"
      "@ethersproject/transactions" "^5.0.0"
      "@ethersproject/web" "^5.0.0"
  
  "@ethersproject/abstract-signer@^5.0.0":
    version "5.0.1"
    resolved "https://registry.yarnpkg.com/@ethersproject/abstract-signer/-/abstract-signer-5.0.1.tgz#92149e771366467e86cc44dd0c49d28f93eaa852"
    integrity sha512-Rp8DP+cLcSNFkd1YhwPSBcgEWLRipNakitwIwHngAmhbo4zdiWgALD/OLqdQ7SKF75CufF1W4BCuXcQgiWaRow==
    dependencies:
      "@ethersproject/abstract-provider" "^5.0.0"
      "@ethersproject/bignumber" "^5.0.0"
      "@ethersproject/bytes" "^5.0.0"
      "@ethersproject/logger" "^5.0.0"
      "@ethersproject/properties" "^5.0.0"
  
  "@ethersproject/address@^5.0.0":
    version "5.0.1"
    resolved "https://registry.yarnpkg.com/@ethersproject/address/-/address-5.0.1.tgz#882424fbbec1111abc1aa3482e647a72683c5377"
    integrity sha512-kfQtXpBP2pI2TfoRRAYv8grHGiYw8U0c1KbMsC58/W33TIBy7gFSf/oAzOd94lNzdIUenKU0OuSzrHQfVcDDDA==
    dependencies:
      "@ethersproject/bignumber" "^5.0.0"
      "@ethersproject/bytes" "^5.0.0"
      "@ethersproject/keccak256" "^5.0.0"
      "@ethersproject/logger" "^5.0.0"
      "@ethersproject/rlp" "^5.0.0"
      bn.js "^4.4.0"
  
  "@ethersproject/base64@^5.0.0":
    version "5.0.1"
    resolved "https://registry.yarnpkg.com/@ethersproject/base64/-/base64-5.0.1.tgz#9f067855f59db94edebb6cd80fbe79033406b317"
    integrity sha512-WZDa+TYl6BQfUm9EQIDDfJFL0GiuYXNZPIWoiZx3uds7P1XMsvcW3k71AyjYUxIkU5AKW7awwPbzCbBeP1uXsA==
    dependencies:
      "@ethersproject/bytes" "^5.0.0"
  
  "@ethersproject/basex@^5.0.0":
    version "5.0.1"
    resolved "https://registry.yarnpkg.com/@ethersproject/basex/-/basex-5.0.1.tgz#226ae11bb5c6453398cece08b9548a5f896e24e5"
    integrity sha512-ssL2+p/A5bZgkZkiWy0iQDVz2mVJxZfzpf7dpw8t0sKF9VpoM3ZiMthRapH/QBhd4Rr6TNbr619pFLAGmMi9Ug==
    dependencies:
      "@ethersproject/bytes" "^5.0.0"
      "@ethersproject/properties" "^5.0.0"
  
  "@ethersproject/bignumber@^5.0.0":
    version "5.0.1"
    resolved "https://registry.yarnpkg.com/@ethersproject/bignumber/-/bignumber-5.0.1.tgz#85edb1026310633ef566cc379e3e0026697f6e6e"
    integrity sha512-srGDO7ksT0avdDw5pBtj6F81psv5xiJMInwSSatfIKplitubFb6yVwoHGObGRd0Pp3TvrkIDfJkuskoSMj4OHQ==
    dependencies:
      "@ethersproject/bytes" "^5.0.0"
      "@ethersproject/logger" "^5.0.0"
      "@ethersproject/properties" "^5.0.0"
      bn.js "^4.4.0"
  
  "@ethersproject/bytes@^5.0.0":
    version "5.0.1"
    resolved "https://registry.yarnpkg.com/@ethersproject/bytes/-/bytes-5.0.1.tgz#da8cd9b3e3b2800be9b46fda7036fc441b334680"
    integrity sha512-Y198536UW9Jb9RBXuqmCsCa9mYJUsxJn+5aGr2XjNMpLBc6vEn/44GHnbQXYgRCzh4rnWtJ9bTgSwDjme9Hgnw==
    dependencies:
      "@ethersproject/logger" "^5.0.0"
  
  "@ethersproject/constants@^5.0.0":
    version "5.0.1"
    resolved "https://registry.yarnpkg.com/@ethersproject/constants/-/constants-5.0.1.tgz#51426b1d673661e905418ddeefca1f634866860d"
    integrity sha512-Xec07hFCPN4wfC3WDiRay7KipkApl2msiKTrBHCuAwNMOM8M92+mlQp8tgfEL51DPwCZkmdk1f02kArc6caVSw==
    dependencies:
      "@ethersproject/bignumber" "^5.0.0"
  
  "@ethersproject/contracts@^5.0.0":
    version "5.0.1"
    resolved "https://registry.yarnpkg.com/@ethersproject/contracts/-/contracts-5.0.1.tgz#b11ad52f98f807e13a4bf0a89e45a2c56db19df3"
    integrity sha512-1uPajmkvw3Oy/dxs5TKUsGaXzQ3s5qiXKSVpw9ZrhGG6fMRO3gNyUA+uSWk9IXK0ulj5P95F7vW8HmYOkzep/Q==
    dependencies:
      "@ethersproject/abi" "^5.0.0"
      "@ethersproject/abstract-provider" "^5.0.0"
      "@ethersproject/abstract-signer" "^5.0.0"
      "@ethersproject/address" "^5.0.0"
      "@ethersproject/bignumber" "^5.0.0"
      "@ethersproject/bytes" "^5.0.0"
      "@ethersproject/constants" "^5.0.0"
      "@ethersproject/logger" "^5.0.0"
      "@ethersproject/properties" "^5.0.0"
  
  "@ethersproject/hash@^5.0.0":
    version "5.0.1"
    resolved "https://registry.yarnpkg.com/@ethersproject/hash/-/hash-5.0.1.tgz#8190240d250b9442dd25f1e8ec2d66e7d0d38237"
    integrity sha512-1ByUXYvkszrSSks07xctBtZfpFnIVmftxWlAAnguxh6Q65vKECd/EPi5uI5xVOvnrYMH9Vb8MK1SofPX/6fArQ==
    dependencies:
      "@ethersproject/bytes" "^5.0.0"
      "@ethersproject/keccak256" "^5.0.0"
      "@ethersproject/logger" "^5.0.0"
      "@ethersproject/strings" "^5.0.0"
  
  "@ethersproject/hdnode@^5.0.0":
    version "5.0.1"
    resolved "https://registry.yarnpkg.com/@ethersproject/hdnode/-/hdnode-5.0.1.tgz#28c621c6fdb1a744c870212405e87c64e714e05f"
    integrity sha512-L2OZP4SKKxNtHUdwfK8cND09kHRH62ncxXW33WAJU9shKo8Sbz31HVqSdov84bMAGm8QfEKZbfbAJV/7DM6DjQ==
    dependencies:
      "@ethersproject/abstract-signer" "^5.0.0"
      "@ethersproject/basex" "^5.0.0"
      "@ethersproject/bignumber" "^5.0.0"
      "@ethersproject/bytes" "^5.0.0"
      "@ethersproject/logger" "^5.0.0"
      "@ethersproject/pbkdf2" "^5.0.0"
      "@ethersproject/properties" "^5.0.0"
      "@ethersproject/sha2" "^5.0.0"
      "@ethersproject/signing-key" "^5.0.0"
      "@ethersproject/strings" "^5.0.0"
      "@ethersproject/transactions" "^5.0.0"
      "@ethersproject/wordlists" "^5.0.0"
  
  "@ethersproject/json-wallets@^5.0.0":
    version "5.0.1"
    resolved "https://registry.yarnpkg.com/@ethersproject/json-wallets/-/json-wallets-5.0.1.tgz#a04a728cbf1974fc0a618794ef348335d4522848"
    integrity sha512-QjqQCh1a0a6wRVHdnqVccCLWX0vAgxnvGZeGqpOk2NbyNE8HTzV7GpOE+4LU+iCc8oonfy1gYd4hpsf+iEUWGg==
    dependencies:
      "@ethersproject/abstract-signer" "^5.0.0"
      "@ethersproject/address" "^5.0.0"
      "@ethersproject/bytes" "^5.0.0"
      "@ethersproject/hdnode" "^5.0.0"
      "@ethersproject/keccak256" "^5.0.0"
      "@ethersproject/logger" "^5.0.0"
      "@ethersproject/pbkdf2" "^5.0.0"
      "@ethersproject/properties" "^5.0.0"
      "@ethersproject/random" "^5.0.0"
      "@ethersproject/strings" "^5.0.0"
      "@ethersproject/transactions" "^5.0.0"
      aes-js "3.0.0"
      scrypt-js "3.0.1"
      uuid "2.0.1"
  
  "@ethersproject/keccak256@^5.0.0":
    version "5.0.1"
    resolved "https://registry.yarnpkg.com/@ethersproject/keccak256/-/keccak256-5.0.1.tgz#be91c11a8bdf4e94c8b900502d2a46b223fbdeb3"
    integrity sha512-AtFm/4qHRQUvZcG3WYmaT7zV79dz72+N01w0XphcIBaD/7UZXyW85Uf08sirVlckHmh9fvc4UDWyHiroKsBT6Q==
    dependencies:
      "@ethersproject/bytes" "^5.0.0"
      js-sha3 "0.5.7"
  
  "@ethersproject/logger@^5.0.0":
    version "5.0.2"
    resolved "https://registry.yarnpkg.com/@ethersproject/logger/-/logger-5.0.2.tgz#f24aa14a738a428d711c1828b44d50114a461b8b"
    integrity sha512-NQe3O1/Nwkcp6bto6hsTvrcCeR/cOGK+RhOMn0Zi2FND6gdWsf1g+5ie8gQ1REqDX4MTGP/Y131dZas985ls/g==
  
  "@ethersproject/networks@^5.0.0":
    version "5.0.1"
    resolved "https://registry.yarnpkg.com/@ethersproject/networks/-/networks-5.0.1.tgz#c06ac151d0dfec421c1cb98a9153c109b3117111"
    integrity sha512-Pe34JCTC6Apm/DkK3z97xotvEyu9YHKIFlDIu5hGV6yFDb4/sUfY2SHKYSGdUrV0418ZZVrwYDveJtBFMmYu2Q==
    dependencies:
      "@ethersproject/logger" "^5.0.0"
  
  "@ethersproject/pbkdf2@^5.0.0":
    version "5.0.1"
    resolved "https://registry.yarnpkg.com/@ethersproject/pbkdf2/-/pbkdf2-5.0.1.tgz#86d4340f88ebb97254c7e0d26830c24fb45b1642"
    integrity sha512-4wc8Aov0iJmiomu6Dv1JNGOlhm3L7omITjLmChz/vgeDnW4Unv4J/nGybCeWKgY4hnjyQMVXkdkQ15BCRbkaYg==
    dependencies:
      "@ethersproject/bytes" "^5.0.0"
      "@ethersproject/sha2" "^5.0.0"
  
  "@ethersproject/properties@^5.0.0":
    version "5.0.1"
    resolved "https://registry.yarnpkg.com/@ethersproject/properties/-/properties-5.0.1.tgz#e1fecbfcb24f23bf3b64a2ac74f2751113d116e0"
    integrity sha512-b3VZ/NpYIf64/hFXeWNxVCbY1xoMPIYM3n6Qnu6Ayr3bLt1olFPQfAaaRB0aOsLz7tMtmkT3DrA1KG/IrOgBRw==
    dependencies:
      "@ethersproject/logger" "^5.0.0"
  
  "@ethersproject/providers@^5.0.0":
    version "5.0.2"
    resolved "https://registry.yarnpkg.com/@ethersproject/providers/-/providers-5.0.2.tgz#d738235db8235cf3471f4e7c4fac99b8830e4bf1"
    integrity sha512-28ABJmHB9ii/73F3P9CXLBvlRkitiOGHCrUZqjQ6FELuAtKEROqA/yDklT9o/r/BpGcGTeeWpWfvdfgDHjshiw==
    dependencies:
      "@ethersproject/abstract-provider" "^5.0.0"
      "@ethersproject/abstract-signer" "^5.0.0"
      "@ethersproject/address" "^5.0.0"
      "@ethersproject/bignumber" "^5.0.0"
      "@ethersproject/bytes" "^5.0.0"
      "@ethersproject/constants" "^5.0.0"
      "@ethersproject/hash" "^5.0.0"
      "@ethersproject/logger" "^5.0.0"
      "@ethersproject/networks" "^5.0.0"
      "@ethersproject/properties" "^5.0.0"
      "@ethersproject/random" "^5.0.0"
      "@ethersproject/rlp" "^5.0.0"
      "@ethersproject/strings" "^5.0.0"
      "@ethersproject/transactions" "^5.0.0"
      "@ethersproject/web" "^5.0.0"
      ws "7.2.3"
  
  "@ethersproject/random@^5.0.0":
    version "5.0.1"
    resolved "https://registry.yarnpkg.com/@ethersproject/random/-/random-5.0.1.tgz#cc5433c54e26faddf7c036e07a4f125d64503edb"
    integrity sha512-nYzNhcp5Th4dCocV3yceZmh80bRmSQxqNRgND7Y/YgEgYJSSnknScpfRHACG//kgbsY8zui8ajXJeEnzS7yFbQ==
    dependencies:
      "@ethersproject/bytes" "^5.0.0"
      "@ethersproject/logger" "^5.0.0"
  
  "@ethersproject/rlp@^5.0.0":
    version "5.0.1"
    resolved "https://registry.yarnpkg.com/@ethersproject/rlp/-/rlp-5.0.1.tgz#3407b0cb78f82a1a219aecff57578c0558ae26c8"
    integrity sha512-3F8XE1zS4w8w4xiK1hMtFuVs6UnhQlmrEHLT85GanqK8vG5wGi81IQmkukL9tQIu2a5jykoO46ibja+6N1fpFg==
    dependencies:
      "@ethersproject/bytes" "^5.0.0"
      "@ethersproject/logger" "^5.0.0"
  
  "@ethersproject/sha2@^5.0.0":
    version "5.0.1"
    resolved "https://registry.yarnpkg.com/@ethersproject/sha2/-/sha2-5.0.1.tgz#46b1b06cfd7d557ae4deab4cc85773f7512c4022"
    integrity sha512-5wNdULNDMJKwyzqrTH66e2TZPZTSqqluS7RNtuuuQSTP+yIALoID7ewLjDoj31g4kZyq/pqQbackKJLOXejTKw==
    dependencies:
      "@ethersproject/bytes" "^5.0.0"
      "@ethersproject/logger" "^5.0.0"
      hash.js "1.1.3"
  
  "@ethersproject/signing-key@^5.0.0":
    version "5.0.1"
    resolved "https://registry.yarnpkg.com/@ethersproject/signing-key/-/signing-key-5.0.1.tgz#90957e42c69e857dc741c8fbeeff0f36bcee9cf7"
    integrity sha512-Z3yMPFFf4KkWltndDNi/tpese7qZh6ZWKbGu3DHd8xOX0PJqbScdAs6gCfFeMatO06qyX307Y52soc/Ayf8ZSg==
    dependencies:
      "@ethersproject/bytes" "^5.0.0"
      "@ethersproject/logger" "^5.0.0"
      "@ethersproject/properties" "^5.0.0"
      elliptic "6.5.2"
  
  "@ethersproject/solidity@^5.0.0":
    version "5.0.1"
    resolved "https://registry.yarnpkg.com/@ethersproject/solidity/-/solidity-5.0.1.tgz#df561603ba1c420e2ea309fca746698c55710a6d"
    integrity sha512-3L+xI1LaJmd2zBJxnK9Y4cd1vb2aJLFvL6fxvjWpzcMiFiZ4dbPwj3kharv5f5mAlbGwAs6NiPJaFWvbOpm96Q==
    dependencies:
      "@ethersproject/bignumber" "^5.0.0"
      "@ethersproject/bytes" "^5.0.0"
      "@ethersproject/keccak256" "^5.0.0"
      "@ethersproject/sha2" "^5.0.0"
      "@ethersproject/strings" "^5.0.0"
  
  "@ethersproject/strings@^5.0.0":
    version "5.0.1"
    resolved "https://registry.yarnpkg.com/@ethersproject/strings/-/strings-5.0.1.tgz#a93aafeede100c4aad7f48e25aad1ddc42eeccc7"
    integrity sha512-N8LxdHGBT7GZdogkEOV5xKXYTz5PNHuNzcxLNPYfH3kpvWSyXshZBgAz8YE1a8sMZagGj+Ic6d3mHijdCTSkGA==
    dependencies:
      "@ethersproject/bytes" "^5.0.0"
      "@ethersproject/constants" "^5.0.0"
      "@ethersproject/logger" "^5.0.0"
  
  "@ethersproject/transactions@^5.0.0":
    version "5.0.1"
    resolved "https://registry.yarnpkg.com/@ethersproject/transactions/-/transactions-5.0.1.tgz#61480dc600f4a49eb99627778e3b46b381f8bdd9"
    integrity sha512-IGc6/5hri3PrqR/ZCj89osDiq3Lt0CSrycn6vlRl8SjpBKYDdcT+Ru5xkeC7YcsnqcdBmTL+jyR3SLudU+x2Kw==
    dependencies:
      "@ethersproject/address" "^5.0.0"
      "@ethersproject/bignumber" "^5.0.0"
      "@ethersproject/bytes" "^5.0.0"
      "@ethersproject/constants" "^5.0.0"
      "@ethersproject/keccak256" "^5.0.0"
      "@ethersproject/logger" "^5.0.0"
      "@ethersproject/properties" "^5.0.0"
      "@ethersproject/rlp" "^5.0.0"
      "@ethersproject/signing-key" "^5.0.0"
  
  "@ethersproject/units@^5.0.0":
    version "5.0.1"
    resolved "https://registry.yarnpkg.com/@ethersproject/units/-/units-5.0.1.tgz#f9fd97d0bfa0c23d55084b428053a29b42082a1f"
    integrity sha512-7J7Jmm4hMZ+yFiqEd7D5oeVK/V74GDwQlT0Om1yxXLYX6UPcV5ChHkUz/xpHPT9JXQlQ+2D69HBf1dzvdflrmQ==
    dependencies:
      "@ethersproject/bignumber" "^5.0.0"
      "@ethersproject/constants" "^5.0.0"
      "@ethersproject/logger" "^5.0.0"
  
  "@ethersproject/wallet@^5.0.0":
    version "5.0.1"
    resolved "https://registry.yarnpkg.com/@ethersproject/wallet/-/wallet-5.0.1.tgz#595077365c674654e90d3884594a86d70ba07e7e"
    integrity sha512-1/QPpFngJtUGtdVOLSoIN3vf+zEWyEVxQ0lhRCwGkiBqL2SoVoDHB7/nCfcv7wwlZkdnegFfo/8DxeyYjTZN7w==
    dependencies:
      "@ethersproject/abstract-provider" "^5.0.0"
      "@ethersproject/abstract-signer" "^5.0.0"
      "@ethersproject/address" "^5.0.0"
      "@ethersproject/bignumber" "^5.0.0"
      "@ethersproject/bytes" "^5.0.0"
      "@ethersproject/hash" "^5.0.0"
      "@ethersproject/hdnode" "^5.0.0"
      "@ethersproject/json-wallets" "^5.0.0"
      "@ethersproject/keccak256" "^5.0.0"
      "@ethersproject/logger" "^5.0.0"
      "@ethersproject/properties" "^5.0.0"
      "@ethersproject/random" "^5.0.0"
      "@ethersproject/signing-key" "^5.0.0"
      "@ethersproject/transactions" "^5.0.0"
      "@ethersproject/wordlists" "^5.0.0"
  
  "@ethersproject/web@^5.0.0":
    version "5.0.1"
    resolved "https://registry.yarnpkg.com/@ethersproject/web/-/web-5.0.1.tgz#b741096b5ad9465a1148b7dba8988c1da16f592a"
    integrity sha512-lWPg8BR6KoyiIKYRIM6j+XO9bT9vGM1JnxFj2HmhIvOrOjba7ZRd8ANBOsDVGfw5igLUdfqAUOf9WpSsH//TzA==
    dependencies:
      "@ethersproject/base64" "^5.0.0"
      "@ethersproject/logger" "^5.0.0"
      "@ethersproject/properties" "^5.0.0"
      "@ethersproject/strings" "^5.0.0"
  
  "@ethersproject/wordlists@^5.0.0":
    version "5.0.1"
    resolved "https://registry.yarnpkg.com/@ethersproject/wordlists/-/wordlists-5.0.1.tgz#4b1ef0894665fc8e7898235d3aa155f1724efa75"
    integrity sha512-R7boLmpewucz5v4jD7cWwI0BGHR/DstiZtjdhUOft6XdMqM1OGb1UTL0GBQeS4vDXzCLuJEHddjJ69beGVN/4Q==
    dependencies:
      "@ethersproject/bytes" "^5.0.0"
      "@ethersproject/hash" "^5.0.0"
      "@ethersproject/logger" "^5.0.0"
      "@ethersproject/properties" "^5.0.0"
      "@ethersproject/strings" "^5.0.0"
  
  "@urql/core@^1.11.7":
    version "1.12.1"
    resolved "https://registry.yarnpkg.com/@urql/core/-/core-1.12.1.tgz#9ed26d05255f0c08f638ad2b9ad6d176cb0bf88d"
    integrity sha512-mu0xHbbMWU7RDkHawCNvHKEfDtQT0dfHPD2KXMMv9ibxp0CNdvQ00hppvf6C9j2WuPxGn2NadIjVg51vGCYr5w==
    dependencies:
      wonka "^4.0.14"
  
  aes-js@3.0.0:
    version "3.0.0"
    resolved "https://registry.yarnpkg.com/aes-js/-/aes-js-3.0.0.tgz#e21df10ad6c2053295bcbb8dab40b09dbea87e4d"
    integrity sha1-4h3xCtbCBTKVvLuNq0Cwnb6ofk0=
  
  arg@^4.1.0:
    version "4.1.3"
    resolved "https://registry.yarnpkg.com/arg/-/arg-4.1.3.tgz#269fc7ad5b8e42cb63c896d5666017261c144089"
    integrity sha512-58S9QDqG0Xx27YwPSt9fJxivjYl432YCwfDMfZ+71RAqUrZef7LrKQZ3LHLOwCS4FLNBplP533Zx895SeOCHvA==
  
  async-limiter@~1.0.0:
    version "1.0.1"
    resolved "https://registry.yarnpkg.com/async-limiter/-/async-limiter-1.0.1.tgz#dd379e94f0db8310b08291f9d64c3209766617fd"
    integrity sha512-csOlWGAcRFJaI6m+F2WKdnMKr4HhdhFVBk0H/QbJFMCr+uO2kwohwXQPxw/9OCxp05r5ghVBFSyioixx3gfkNQ==
  
  backo2@^1.0.2:
    version "1.0.2"
    resolved "https://registry.yarnpkg.com/backo2/-/backo2-1.0.2.tgz#31ab1ac8b129363463e35b3ebb69f4dfcfba7947"
    integrity sha1-MasayLEpNjRj41s+u2n038+6eUc=
  
  bn.js@^4.4.0:
    version "4.11.9"
    resolved "https://registry.yarnpkg.com/bn.js/-/bn.js-4.11.9.tgz#26d556829458f9d1e81fc48952493d0ba3507828"
    integrity sha512-E6QoYqCKZfgatHTdHzs1RRKP7ip4vvm+EyRUeE2RF0NblwVvb0p6jSVeNTOFxPn26QXN2o6SMfNxKp6kU8zQaw==
  
  brorand@^1.0.1:
    version "1.1.0"
    resolved "https://registry.yarnpkg.com/brorand/-/brorand-1.1.0.tgz#12c25efe40a45e3c323eb8675a0a0ce57b22371f"
    integrity sha1-EsJe/kCkXjwyPrhnWgoM5XsiNx8=
  
  buffer-from@^1.0.0:
    version "1.1.1"
    resolved "https://registry.yarnpkg.com/buffer-from/-/buffer-from-1.1.1.tgz#32713bc028f75c02fdb710d7c7bcec1f2c6070ef"
    integrity sha512-MQcXEUbCKtEo7bhqEs6560Hyd4XaovZlO/k9V3hjVUF/zwW7KBVdSK4gIt/bzwS9MbR5qob+F5jusZsb0YQK2A==
  
  date-fns@2.0.0-alpha.22:
    version "2.0.0-alpha.22"
    resolved "https://registry.yarnpkg.com/date-fns/-/date-fns-2.0.0-alpha.22.tgz#c65f5dd7e959c59f8ea5591e458afc76a2a0d8d0"
    integrity sha512-ovlz0I0OFhyn9bgTfqFAUvJvo8VS9mUuOxZ6cwKwBjSx42lMpXPGolcINYZoTNAG2M4YJ3QoApiQQljQEuy/Uw==
  
  dayjs@^1.8.28:
    version "1.8.28"
    resolved "https://registry.yarnpkg.com/dayjs/-/dayjs-1.8.28.tgz#37aa6201df483d089645cb6c8f6cef6f0c4dbc07"
    integrity sha512-ccnYgKC0/hPSGXxj7Ju6AV/BP4HUkXC2u15mikXT5mX9YorEaoi1bEKOmAqdkJHN4EEkmAf97SpH66Try5Mbeg==
  
  diff@^4.0.1:
    version "4.0.2"
    resolved "https://registry.yarnpkg.com/diff/-/diff-4.0.2.tgz#60f3aecb89d5fae520c11aa19efc2bb982aade7d"
    integrity sha512-58lmxKSA4BNyLz+HHMUzlOEpg09FV+ev6ZMe3vJihgdxzgcwZ8VoEEPmALCZG9LmqfVoNMMKpttIYTVG6uDY7A==
  
  elliptic@6.5.2:
    version "6.5.2"
    resolved "https://registry.yarnpkg.com/elliptic/-/elliptic-6.5.2.tgz#05c5678d7173c049d8ca433552224a495d0e3762"
    integrity sha512-f4x70okzZbIQl/NSRLkI/+tteV/9WqL98zx+SQ69KbXxmVrmjwsNUPn/gYJJ0sHvEak24cZgHIPegRePAtA/xw==
    dependencies:
      bn.js "^4.4.0"
      brorand "^1.0.1"
      hash.js "^1.0.0"
      hmac-drbg "^1.0.0"
      inherits "^2.0.1"
      minimalistic-assert "^1.0.0"
      minimalistic-crypto-utils "^1.0.0"
  
  ethers@^5.0.0-beta.190:
    version "5.0.2"
    resolved "https://registry.yarnpkg.com/ethers/-/ethers-5.0.2.tgz#b7ccca12592c8f5f45e172c3c32fd13d77225048"
    integrity sha512-hAWTPQXvjFlrtnPLCnOOJJuqiqmJv820egPHpOwcWTIQxXRrcfZyse2692eaqsXMeYLNM2CRfYgEomBiBGvgjw==
    dependencies:
      "@ethersproject/abi" "^5.0.0"
      "@ethersproject/abstract-provider" "^5.0.0"
      "@ethersproject/abstract-signer" "^5.0.0"
      "@ethersproject/address" "^5.0.0"
      "@ethersproject/base64" "^5.0.0"
      "@ethersproject/bignumber" "^5.0.0"
      "@ethersproject/bytes" "^5.0.0"
      "@ethersproject/constants" "^5.0.0"
      "@ethersproject/contracts" "^5.0.0"
      "@ethersproject/hash" "^5.0.0"
      "@ethersproject/hdnode" "^5.0.0"
      "@ethersproject/json-wallets" "^5.0.0"
      "@ethersproject/keccak256" "^5.0.0"
      "@ethersproject/logger" "^5.0.0"
      "@ethersproject/networks" "^5.0.0"
      "@ethersproject/pbkdf2" "^5.0.0"
      "@ethersproject/properties" "^5.0.0"
      "@ethersproject/providers" "^5.0.0"
      "@ethersproject/random" "^5.0.0"
      "@ethersproject/rlp" "^5.0.0"
      "@ethersproject/sha2" "^5.0.0"
      "@ethersproject/signing-key" "^5.0.0"
      "@ethersproject/solidity" "^5.0.0"
      "@ethersproject/strings" "^5.0.0"
      "@ethersproject/transactions" "^5.0.0"
      "@ethersproject/units" "^5.0.0"
      "@ethersproject/wallet" "^5.0.0"
      "@ethersproject/web" "^5.0.0"
      "@ethersproject/wordlists" "^5.0.0"
  
  ethers@^5.0.7:
    version "5.0.8"
    resolved "https://registry.yarnpkg.com/ethers/-/ethers-5.0.8.tgz#c13d0fdf5e66db8085e2036d3309ed2f8a17ed89"
    integrity sha512-of/rPgJ7E3yyBADUv5A7Gtkd7EB8ta/T9NS5CCG9tj9cifnXcI3KIdYQ7d8AS+9vm38pR1g6S5I+Q/mRnlQZlg==
    dependencies:
      "@ethersproject/abi" "^5.0.0"
      "@ethersproject/abstract-provider" "^5.0.0"
      "@ethersproject/abstract-signer" "^5.0.0"
      "@ethersproject/address" "^5.0.0"
      "@ethersproject/base64" "^5.0.0"
      "@ethersproject/basex" "^5.0.0"
      "@ethersproject/bignumber" "^5.0.0"
      "@ethersproject/bytes" "^5.0.0"
      "@ethersproject/constants" "^5.0.0"
      "@ethersproject/contracts" "^5.0.0"
      "@ethersproject/hash" "^5.0.0"
      "@ethersproject/hdnode" "^5.0.0"
      "@ethersproject/json-wallets" "^5.0.0"
      "@ethersproject/keccak256" "^5.0.0"
      "@ethersproject/logger" "^5.0.0"
      "@ethersproject/networks" "^5.0.0"
      "@ethersproject/pbkdf2" "^5.0.0"
      "@ethersproject/properties" "^5.0.0"
      "@ethersproject/providers" "^5.0.0"
      "@ethersproject/random" "^5.0.0"
      "@ethersproject/rlp" "^5.0.0"
      "@ethersproject/sha2" "^5.0.0"
      "@ethersproject/signing-key" "^5.0.0"
      "@ethersproject/solidity" "^5.0.0"
      "@ethersproject/strings" "^5.0.0"
      "@ethersproject/transactions" "^5.0.0"
      "@ethersproject/units" "^5.0.0"
      "@ethersproject/wallet" "^5.0.0"
      "@ethersproject/web" "^5.0.0"
      "@ethersproject/wordlists" "^5.0.0"
  
  eventemitter3@^3.1.0:
    version "3.1.2"
    resolved "https://registry.yarnpkg.com/eventemitter3/-/eventemitter3-3.1.2.tgz#2d3d48f9c346698fce83a85d7d664e98535df6e7"
    integrity sha512-tvtQIeLVHjDkJYnzf2dgVMxfuSGJeM/7UCG17TT4EumTfNtF+0nebF/4zWOIkCreAbtNqhGEboB6BWrwqNaw4Q==
  
  graphql-tag@^2.10.3:
    version "2.10.3"
    resolved "https://registry.yarnpkg.com/graphql-tag/-/graphql-tag-2.10.3.tgz#ea1baba5eb8fc6339e4c4cf049dabe522b0edf03"
    integrity sha512-4FOv3ZKfA4WdOKJeHdz6B3F/vxBLSgmBcGeAFPf4n1F64ltJUvOOerNj0rsJxONQGdhUMynQIvd6LzB+1J5oKA==
  
  graphql@^15.0.0:
    version "15.1.0"
    resolved "https://registry.yarnpkg.com/graphql/-/graphql-15.1.0.tgz#b93e28de805294ec08e1630d901db550cb8960a1"
    integrity sha512-0TVyfOlCGhv/DBczQkJmwXOK6fjWkjzY3Pt7wY8i0gcYXq8aogG3weCsg48m72lywKSeOqedEHvVPOvZvSD51Q==
  
  hash.js@1.1.3:
    version "1.1.3"
    resolved "https://registry.yarnpkg.com/hash.js/-/hash.js-1.1.3.tgz#340dedbe6290187151c1ea1d777a3448935df846"
    integrity sha512-/UETyP0W22QILqS+6HowevwhEFJ3MBJnwTf75Qob9Wz9t0DPuisL8kW8YZMK62dHAKE1c1p+gY1TtOLY+USEHA==
    dependencies:
      inherits "^2.0.3"
      minimalistic-assert "^1.0.0"
  
  hash.js@^1.0.0, hash.js@^1.0.3:
    version "1.1.7"
    resolved "https://registry.yarnpkg.com/hash.js/-/hash.js-1.1.7.tgz#0babca538e8d4ee4a0f8988d68866537a003cf42"
    integrity sha512-taOaskGt4z4SOANNseOviYDvjEJinIkRgmp7LbKP2YTTmVxWBl87s/uzK9r+44BclBSp2X7K1hqeNfz9JbBeXA==
    dependencies:
      inherits "^2.0.3"
      minimalistic-assert "^1.0.1"
  
  hmac-drbg@^1.0.0:
    version "1.0.1"
    resolved "https://registry.yarnpkg.com/hmac-drbg/-/hmac-drbg-1.0.1.tgz#d2745701025a6c775a6c545793ed502fc0c649a1"
    integrity sha1-0nRXAQJabHdabFRXk+1QL8DGSaE=
    dependencies:
      hash.js "^1.0.3"
      minimalistic-assert "^1.0.0"
      minimalistic-crypto-utils "^1.0.1"
  
  inherits@^2.0.1, inherits@^2.0.3:
    version "2.0.4"
    resolved "https://registry.yarnpkg.com/inherits/-/inherits-2.0.4.tgz#0fa2c64f932917c3433a0ded55363aae37416b7c"
    integrity sha512-k/vGaX4/Yla3WzyMCvTQOXYeIHvqOKtnqBduzTHpzpQZzAskKMhZ2K+EnBiSM9zGSoIFeMpXKxa4dYeZIQqewQ==
  
  isomorphic-unfetch@^3.0.0:
    version "3.0.0"
    resolved "https://registry.yarnpkg.com/isomorphic-unfetch/-/isomorphic-unfetch-3.0.0.tgz#de6d80abde487b17de2c400a7ef9e5ecc2efb362"
    integrity sha512-V0tmJSYfkKokZ5mgl0cmfQMTb7MLHsBMngTkbLY0eXvKqiVRRoZP04Ly+KhKrJfKtzC9E6Pp15Jo+bwh7Vi2XQ==
    dependencies:
      node-fetch "^2.2.0"
      unfetch "^4.0.0"
  
  isomorphic-ws@^4.0.1:
    version "4.0.1"
    resolved "https://registry.yarnpkg.com/isomorphic-ws/-/isomorphic-ws-4.0.1.tgz#55fd4cd6c5e6491e76dc125938dd863f5cd4f2dc"
    integrity sha512-BhBvN2MBpWTaSHdWRb/bwdZJ1WaehQ2L1KngkCkfLUGF0mAWAT1sQUQacEmQ0jXkFw/czDXPNQSL5u2/Krsz1w==
  
  iterall@^1.2.1:
    version "1.3.0"
    resolved "https://registry.yarnpkg.com/iterall/-/iterall-1.3.0.tgz#afcb08492e2915cbd8a0884eb93a8c94d0d72fea"
    integrity sha512-QZ9qOMdF+QLHxy1QIpUHUU1D5pS2CG2P69LF6L6CPjPYA/XMOmKV3PZpawHoAjHNyB0swdVTRxdYT4tbBbxqwg==
  
  js-sha3@0.5.7:
    version "0.5.7"
    resolved "https://registry.yarnpkg.com/js-sha3/-/js-sha3-0.5.7.tgz#0d4ffd8002d5333aabaf4a23eed2f6374c9f28e7"
    integrity sha1-DU/9gALVMzqrr0oj7tL2N0yfKOc=
  
  make-error@^1.1.1:
    version "1.3.6"
    resolved "https://registry.yarnpkg.com/make-error/-/make-error-1.3.6.tgz#2eb2e37ea9b67c4891f684a1394799af484cf7a2"
    integrity sha512-s8UhlNe7vPKomQhC1qFelMokr/Sc3AgNbso3n74mVPA5LTZwkB9NlXf4XPamLxJE8h0gh73rM94xvwRT2CVInw==
  
  minimalistic-assert@^1.0.0, minimalistic-assert@^1.0.1:
    version "1.0.1"
    resolved "https://registry.yarnpkg.com/minimalistic-assert/-/minimalistic-assert-1.0.1.tgz#2e194de044626d4a10e7f7fbc00ce73e83e4d5c7"
    integrity sha512-UtJcAD4yEaGtjPezWuO9wC4nwUnVH/8/Im3yEHQP4b67cXlD/Qr9hdITCU1xDbSEXg2XKNaP8jsReV7vQd00/A==
  
  minimalistic-crypto-utils@^1.0.0, minimalistic-crypto-utils@^1.0.1:
    version "1.0.1"
    resolved "https://registry.yarnpkg.com/minimalistic-crypto-utils/-/minimalistic-crypto-utils-1.0.1.tgz#f6c00c1c0b082246e5c4d99dfb8c7c083b2b582a"
    integrity sha1-9sAMHAsIIkblxNmd+4x8CDsrWCo=
  
  node-fetch@^2.2.0:
    version "2.6.0"
    resolved "https://registry.yarnpkg.com/node-fetch/-/node-fetch-2.6.0.tgz#e633456386d4aa55863f676a7ab0daa8fdecb0fd"
    integrity sha512-8dG4H5ujfvFiqDmVu9fQ5bOHUC15JMjMY/Zumv26oOvvVJjM67KF8koCWIabKQ1GJIa9r2mMZscBq/TbdOcmNA==
  
  radspec@^2.0.0-rc.1:
    version "2.0.0-rc.1"
    resolved "https://registry.yarnpkg.com/radspec/-/radspec-2.0.0-rc.1.tgz#3688e2312bd2497f5748d58a87daeb2c33a4f98e"
    integrity sha512-asIPa/FOJwqYLVuo14PlVcBy4WyFta3vhkUafVxQkInSF98UmZLbgBAII9jzTPqE61o0lT2wgWJBVfWqAoKJyQ==
    dependencies:
      "@babel/runtime" "^7.1.2"
      date-fns "2.0.0-alpha.22"
      dayjs "^1.8.28"
      ethers "^5.0.0-beta.190"
  
  regenerator-runtime@^0.13.4:
    version "0.13.5"
    resolved "https://registry.yarnpkg.com/regenerator-runtime/-/regenerator-runtime-0.13.5.tgz#d878a1d094b4306d10b9096484b33ebd55e26697"
    integrity sha512-ZS5w8CpKFinUzOwW3c83oPeVXoNsrLsaCoLtJvAClH135j/R77RuymhiSErhm2lKcwSCIpmvIWSbDkIfAqKQlA==
  
  scrypt-js@3.0.1:
    version "3.0.1"
    resolved "https://registry.yarnpkg.com/scrypt-js/-/scrypt-js-3.0.1.tgz#d314a57c2aef69d1ad98a138a21fe9eafa9ee312"
    integrity sha512-cdwTTnqPu0Hyvf5in5asVdZocVDTNRmR7XEcJuIzMjJeSHybHl7vpB66AzwTaIg6CLSbtjcxc8fqcySfnTkccA==
  
  source-map-support@^0.5.17:
    version "0.5.19"
    resolved "https://registry.yarnpkg.com/source-map-support/-/source-map-support-0.5.19.tgz#a98b62f86dcaf4f67399648c085291ab9e8fed61"
    integrity sha512-Wonm7zOCIJzBGQdB+thsPar0kYuCIzYvxZwlBa87yi/Mdjv7Tip2cyVbLj5o0cFPN4EVkuTwb3GDDyUx2DGnGw==
    dependencies:
      buffer-from "^1.0.0"
      source-map "^0.6.0"
  
  source-map@^0.6.0:
    version "0.6.1"
    resolved "https://registry.yarnpkg.com/source-map/-/source-map-0.6.1.tgz#74722af32e9614e9c287a8d0bbde48b5e2f1a263"
    integrity sha512-UjgapumWlbMhkBgzT7Ykc5YXUT46F0iKu8SGXq0bcwP5dz/h0Plj6enJqjz1Zbq2l5WaqYnrVbwWOWMyF3F47g==
  
  subscriptions-transport-ws@^0.9.16:
    version "0.9.16"
    resolved "https://registry.yarnpkg.com/subscriptions-transport-ws/-/subscriptions-transport-ws-0.9.16.tgz#90a422f0771d9c32069294c08608af2d47f596ec"
    integrity sha512-pQdoU7nC+EpStXnCfh/+ho0zE0Z+ma+i7xvj7bkXKb1dvYHSZxgRPaU6spRP+Bjzow67c/rRDoix5RT0uU9omw==
    dependencies:
      backo2 "^1.0.2"
      eventemitter3 "^3.1.0"
      iterall "^1.2.1"
      symbol-observable "^1.0.4"
      ws "^5.2.0"
  
  symbol-observable@^1.0.4:
    version "1.2.0"
    resolved "https://registry.yarnpkg.com/symbol-observable/-/symbol-observable-1.2.0.tgz#c22688aed4eab3cdc2dfeacbb561660560a00804"
    integrity sha512-e900nM8RRtGhlV36KGEU9k65K3mPb1WV70OdjfxlG2EAuM1noi/E/BaW/uMhL7bPEssK8QV57vN3esixjUvcXQ==
  
  ts-node@^8.10.2:
    version "8.10.2"
    resolved "https://registry.yarnpkg.com/ts-node/-/ts-node-8.10.2.tgz#eee03764633b1234ddd37f8db9ec10b75ec7fb8d"
    integrity sha512-ISJJGgkIpDdBhWVu3jufsWpK3Rzo7bdiIXJjQc0ynKxVOVcg2oIrf2H2cejminGrptVc6q6/uynAHNCuWGbpVA==
    dependencies:
      arg "^4.1.0"
      diff "^4.0.1"
      make-error "^1.1.1"
      source-map-support "^0.5.17"
      yn "3.1.1"
  
  typescript@^3.8.3:
    version "3.9.5"
    resolved "https://registry.yarnpkg.com/typescript/-/typescript-3.9.5.tgz#586f0dba300cde8be52dd1ac4f7e1009c1b13f36"
    integrity sha512-hSAifV3k+i6lEoCJ2k6R2Z/rp/H3+8sdmcn5NrS3/3kE7+RyZXm9aqvxWqjEXHAd8b0pShatpcdMTvEdvAJltQ==
  
  unfetch@^4.0.0:
    version "4.1.0"
    resolved "https://registry.yarnpkg.com/unfetch/-/unfetch-4.1.0.tgz#6ec2dd0de887e58a4dee83a050ded80ffc4137db"
    integrity sha512-crP/n3eAPUJxZXM9T80/yv0YhkTEx2K1D3h7D1AJM6fzsWZrxdyRuLN0JH/dkZh1LNH8LxCnBzoPFCPbb2iGpg==
  
  uuid@2.0.1:
    version "2.0.1"
    resolved "https://registry.yarnpkg.com/uuid/-/uuid-2.0.1.tgz#c2a30dedb3e535d72ccf82e343941a50ba8533ac"
    integrity sha1-wqMN7bPlNdcsz4LjQ5QaULqFM6w=
  
  wonka@^4.0.14:
    version "4.0.14"
    resolved "https://registry.yarnpkg.com/wonka/-/wonka-4.0.14.tgz#77d680a84e575ed15a9f975eb87d6c530488f3a4"
    integrity sha512-v9vmsTxpZjrA8CYfztbuoTQSHEsG3ZH+NCYfasHm0V3GqBupXrjuuz0RJyUaw2cRO7ouW2js0P6i853/qxlDcA==
  
  ws@7.2.3:
    version "7.2.3"
    resolved "https://registry.yarnpkg.com/ws/-/ws-7.2.3.tgz#a5411e1fb04d5ed0efee76d26d5c46d830c39b46"
    integrity sha512-HTDl9G9hbkNDk98naoR/cHDws7+EyYMOdL1BmjsZXRUjf7d+MficC4B7HLUPlSiho0vg+CWKrGIt/VJBd1xunQ==
  
  ws@^5.2.0:
    version "5.2.2"
    resolved "https://registry.yarnpkg.com/ws/-/ws-5.2.2.tgz#dffef14866b8e8dc9133582514d1befaf96e980f"
    integrity sha512-jaHFD6PFv6UgoIVda6qZllptQsMlDEJkTQcybzzXDYM1XO9Y8em691FGMPmM46WGyLU4z9KMgQN+qrux/nhlHA==
    dependencies:
      async-limiter "~1.0.0"
  
  yn@3.1.1:
    version "3.1.1"
    resolved "https://registry.yarnpkg.com/yn/-/yn-3.1.1.tgz#1e87401a09d767c1d5eab26a6e4c185182d2eb50"
    integrity sha512-Ux4ygGWsu2c7isFWe8Yu1YluJmqVhxqK2cLXNQA5AcC3QfbGNpM7fu0Y8b/z16pXLnFxZYvWhd3fhBY9DLmC6Q==
